d:\opengl2\opengl\x64\debug\vc143.pdb
d:\opengl2\opengl\x64\debug\vc143.idb
d:\opengl2\opengl\x64\debug\scene.obj
d:\opengl2\opengl\x64\debug\main.obj
d:\opengl2\opengl\x64\debug\lighting.obj
d:\opengl2\opengl\x64\debug\init.obj
d:\opengl2\opengl\x64\debug\imageloader.obj
d:\opengl2\opengl\x64\debug\functions.obj
d:\opengl2\opengl\x64\debug\camera.obj
d:\opengl2\opengl\x64\debug\callbacks.obj
c:\users\admin\documents\zalo received files\opengl\opengl\x64\debug\vc143.pdb
c:\users\admin\documents\zalo received files\opengl\opengl\x64\debug\vc143.idb
c:\users\admin\documents\zalo received files\opengl\opengl\x64\debug\scene.obj
c:\users\admin\documents\zalo received files\opengl\opengl\x64\debug\main.obj
c:\users\admin\documents\zalo received files\opengl\opengl\x64\debug\lighting.obj
c:\users\admin\documents\zalo received files\opengl\opengl\x64\debug\init.obj
c:\users\admin\documents\zalo received files\opengl\opengl\x64\debug\functions.obj
c:\users\admin\documents\zalo received files\opengl\opengl\x64\debug\camera.obj
c:\users\admin\documents\zalo received files\opengl\opengl\x64\debug\callbacks.obj
c:\users\admin\documents\zalo received files\opengl\opengl\x64\debug\imageloader.obj
c:\users\admin\documents\zalo received files\opengl\x64\debug\opengl.pdb
c:\users\admin\documents\zalo received files\opengl\opengl\x64\debug\opengl.tlog\cl.command.1.tlog
c:\users\admin\documents\zalo received files\opengl\opengl\x64\debug\opengl.tlog\cl.read.1.tlog
c:\users\admin\documents\zalo received files\opengl\opengl\x64\debug\opengl.tlog\cl.write.1.tlog
c:\users\admin\documents\zalo received files\opengl\opengl\x64\debug\opengl.tlog\link-cvtres.read.1.tlog
c:\users\admin\documents\zalo received files\opengl\opengl\x64\debug\opengl.tlog\link-cvtres.write.1.tlog
c:\users\admin\documents\zalo received files\opengl\opengl\x64\debug\opengl.tlog\link-rc.read.1.tlog
c:\users\admin\documents\zalo received files\opengl\opengl\x64\debug\opengl.tlog\link-rc.write.1.tlog
c:\users\admin\documents\zalo received files\opengl\opengl\x64\debug\opengl.tlog\link.command.1.tlog
c:\users\admin\documents\zalo received files\opengl\opengl\x64\debug\opengl.tlog\link.read.1.tlog
c:\users\admin\documents\zalo received files\opengl\opengl\x64\debug\opengl.tlog\link.read.2.tlog
c:\users\admin\documents\zalo received files\opengl\opengl\x64\debug\opengl.tlog\link.write.1.tlog
